#
# There is insufficient memory for the Java Runtime Environment to continue.
# Native memory allocation (mmap) failed to map 257949696 bytes for Failed to commit area from 0x000000070a800000 to 0x0000000719e00000 of length 257949696.
# Possible reasons:
#   The system is out of physical RAM or swap space
#   The process is running with CompressedOops enabled, and the Java Heap may be blocking the growth of the native heap
# Possible solutions:
#   Reduce memory load on the system
#   Increase physical memory or swap space
#   Check if swap backing store is full
#   Decrease Java heap size (-Xmx/-Xms)
#   Decrease number of Java threads
#   Decrease Java thread stack sizes (-Xss)
#   Set larger code cache with -XX:ReservedCodeCacheSize=
# This output file may be truncated or incomplete.
#
#  Out of Memory Error (./src/hotspot/os/windows/os_windows.cpp:3521), pid=6012, tid=6116
#
# JRE version:  (11.0.12+7) (build )
# Java VM: OpenJDK 64-Bit Server VM (11.0.12+7-b1504.40, mixed mode, sharing, tiered, compressed oops, g1 gc, windows-amd64)
# No core dump will be written. Minidumps are not enabled by default on client versions of Windows
#

---------------  S U M M A R Y ------------

Command Line: git4idea.http.GitAskPassApp Username for 'https://seecoder-gitlab-gitlab.seec.seecoder.cn': 

Host: AMD Ryzen 5 5500U with Radeon Graphics         , 12 cores, 15G,  Windows 10 , 64 bit Build 19041 (10.0.19041.1706)
Time: Mon May 30 20:00:48 2022 中国标准时间 elapsed time: 0.015069 seconds (0d 0h 0m 0s)

---------------  T H R E A D  ---------------

Current thread (0x000001c84a0ee800):  JavaThread "Unknown thread" [_thread_in_vm, id=6116, stack(0x0000009b5a700000,0x0000009b5a800000)]

Stack: [0x0000009b5a700000,0x0000009b5a800000]
Native frames: (J=compiled Java code, j=interpreted, Vv=VM code, C=native code)
V  [jvm.dll+0x5ff40a]
V  [jvm.dll+0x783b65]
V  [jvm.dll+0x78517d]
V  [jvm.dll+0x785833]
V  [jvm.dll+0x249408]
V  [jvm.dll+0x5fc7f4]
V  [jvm.dll+0x5f13c5]
V  [jvm.dll+0x3076bb]
V  [jvm.dll+0x30762a]
V  [jvm.dll+0x307502]
V  [jvm.dll+0x30c466]
V  [jvm.dll+0x355543]
V  [jvm.dll+0x355c46]
V  [jvm.dll+0x355643]
V  [jvm.dll+0x2e2018]
V  [jvm.dll+0x2e31c7]
V  [jvm.dll+0x761f57]
V  [jvm.dll+0x76374c]
V  [jvm.dll+0x362ab9]
V  [jvm.dll+0x7455be]
V  [jvm.dll+0x3cb673]
V  [jvm.dll+0x3cda21]
C  [jli.dll+0x536b]
C  [ucrtbase.dll+0x21bb2]
C  [KERNEL32.DLL+0x17034]
C  [ntdll.dll+0x52651]


---------------  P R O C E S S  ---------------

Threads class SMR info:
_java_thread_list=0x000001c847e9f6c0, length=0, elements={
}

Java Threads: ( => current thread )

Other Threads:
  0x000001c84a108000 GCTaskThread "GC Thread#0" [stack: 0x0000009b5a800000,0x0000009b5a900000] [id=4428]
  0x000001c84a163800 ConcurrentGCThread "G1 Main Marker" [stack: 0x0000009b5a900000,0x0000009b5aa00000] [id=22868]
  0x000001c84a164800 ConcurrentGCThread "G1 Conc#0" [stack: 0x0000009b5aa00000,0x0000009b5ab00000] [id=13400]

[error occurred during error reporting (printing all threads), id 0xc0000005, EXCEPTION_ACCESS_VIOLATION (0xc0000005) at pc=0x00007ffe32c327a7]

VM state:not at safepoint (not fully initialized)

VM Mutex/Monitor currently owned by a thread:  ([mutex/lock_event])
[0x000001c84a0eabc0] Heap_lock - owner thread: 0x000001c84a0ee800

Heap address: 0x000000070a800000, size: 3928 MB, Compressed Oops mode: Non-zero based: 0x000000070a800000
Narrow klass base: 0x0000000000000000, Narrow klass shift: 0

GC Heap History (0 events):
No events

Deoptimization events (0 events):
No events

Classes redefined (0 events):
No events

Internal exceptions (0 events):
No events

Events (1 events):
Event: 0.006 Loaded shared library D:\SofeWare\IntelliJ IDEA 2021.2.3\jbr\bin\zip.dll


Dynamic libraries:
0x00007ff608500000 - 0x00007ff60850a000 	D:\SofeWare\IntelliJ IDEA 2021.2.3\jbr\bin\java.exe
0x00007ffeab010000 - 0x00007ffeab205000 	C:\Windows\SYSTEM32\ntdll.dll
0x00007ffeaae20000 - 0x00007ffeaaedd000 	C:\Windows\System32\KERNEL32.DLL
0x00007ffea8980000 - 0x00007ffea8c4d000 	C:\Windows\System32\KERNELBASE.dll
0x00007ffea8750000 - 0x00007ffea8850000 	C:\Windows\System32\ucrtbase.dll
0x00007ffe97570000 - 0x00007ffe97589000 	D:\SofeWare\IntelliJ IDEA 2021.2.3\jbr\bin\jli.dll
0x00007ffe44db0000 - 0x00007ffe44dc7000 	D:\SofeWare\IntelliJ IDEA 2021.2.3\jbr\bin\VCRUNTIME140.dll
0x00007ffeaa880000 - 0x00007ffeaaa20000 	C:\Windows\System32\USER32.dll
0x00007ffea8850000 - 0x00007ffea8872000 	C:\Windows\System32\win32u.dll
0x00007ffeaaf90000 - 0x00007ffeaafba000 	C:\Windows\System32\GDI32.dll
0x00007ffea8d80000 - 0x00007ffea8e8b000 	C:\Windows\System32\gdi32full.dll
0x00007ffe8fa70000 - 0x00007ffe8fd0a000 	C:\Windows\WinSxS\amd64_microsoft.windows.common-controls_6595b64144ccf1df_6.0.19041.1110_none_60b5254171f9507e\COMCTL32.dll
0x00007ffea8ce0000 - 0x00007ffea8d7d000 	C:\Windows\System32\msvcp_win.dll
0x00007ffeaa450000 - 0x00007ffeaa4ee000 	C:\Windows\System32\msvcrt.dll
0x00007ffeaa7d0000 - 0x00007ffeaa800000 	C:\Windows\System32\IMM32.DLL
0x00007ffe448f0000 - 0x00007ffe4498d000 	D:\SofeWare\IntelliJ IDEA 2021.2.3\jbr\bin\msvcp140.dll
0x00007ffe32940000 - 0x00007ffe33498000 	D:\SofeWare\IntelliJ IDEA 2021.2.3\jbr\bin\server\jvm.dll
0x00007ffea9b60000 - 0x00007ffea9c0e000 	C:\Windows\System32\ADVAPI32.dll
0x00007ffeaac30000 - 0x00007ffeaaccc000 	C:\Windows\System32\sechost.dll
0x00007ffea9900000 - 0x00007ffea9a25000 	C:\Windows\System32\RPCRT4.dll
0x00007ffeaafc0000 - 0x00007ffeaafc8000 	C:\Windows\System32\PSAPI.DLL
0x00007ffea12f0000 - 0x00007ffea12f9000 	C:\Windows\SYSTEM32\WSOCK32.dll
0x00007ffe9d420000 - 0x00007ffe9d42a000 	C:\Windows\SYSTEM32\VERSION.dll
0x00007ffeaacd0000 - 0x00007ffeaad3b000 	C:\Windows\System32\WS2_32.dll
0x00007ffe9d3f0000 - 0x00007ffe9d417000 	C:\Windows\SYSTEM32\WINMM.dll
0x00007ffea6fb0000 - 0x00007ffea6fc2000 	C:\Windows\SYSTEM32\kernel.appcore.dll
0x00007ffea12d0000 - 0x00007ffea12e1000 	D:\SofeWare\IntelliJ IDEA 2021.2.3\jbr\bin\verify.dll
0x00007ffea6000000 - 0x00007ffea61e4000 	C:\Windows\SYSTEM32\DBGHELP.DLL
0x00007ffe90e50000 - 0x00007ffe90e7c000 	C:\Windows\SYSTEM32\dbgcore.DLL
0x00007ffea8c50000 - 0x00007ffea8cd2000 	C:\Windows\System32\bcryptPrimitives.dll
0x00007ffe9c330000 - 0x00007ffe9c359000 	D:\SofeWare\IntelliJ IDEA 2021.2.3\jbr\bin\java.dll
0x00007ffea5030000 - 0x00007ffea503b000 	D:\SofeWare\IntelliJ IDEA 2021.2.3\jbr\bin\jimage.dll
0x00007ffe97550000 - 0x00007ffe97568000 	D:\SofeWare\IntelliJ IDEA 2021.2.3\jbr\bin\zip.dll

dbghelp: loaded successfully - version: 4.0.5 - missing functions: none
symbol engine: initialized successfully - sym options: 0x614 - pdb path: .;D:\SofeWare\IntelliJ IDEA 2021.2.3\jbr\bin;C:\Windows\SYSTEM32;C:\Windows\WinSxS\amd64_microsoft.windows.common-controls_6595b64144ccf1df_6.0.19041.1110_none_60b5254171f9507e;D:\SofeWare\IntelliJ IDEA 2021.2.3\jbr\bin\server

VM Arguments:
java_command: git4idea.http.GitAskPassApp Username for 'https://seecoder-gitlab-gitlab.seec.seecoder.cn': 
java_class_path (initial): D:/SofeWare/IntelliJ IDEA 2021.2.3/plugins/git4idea/lib/git4idea-rt.jar;D:/SofeWare/IntelliJ IDEA 2021.2.3/lib/3rd-party.jar
Launcher Type: SUN_STANDARD

[Global flags]
     intx CICompilerCount                          = 4                                         {product} {ergonomic}
     uint ConcGCThreads                            = 3                                         {product} {ergonomic}
     uint G1ConcRefinementThreads                  = 10                                        {product} {ergonomic}
   size_t G1HeapRegionSize                         = 1048576                                   {product} {ergonomic}
    uintx GCDrainStackTargetSize                   = 64                                        {product} {ergonomic}
   size_t InitialHeapSize                          = 257949696                                 {product} {ergonomic}
   size_t MarkStackSize                            = 4194304                                   {product} {ergonomic}
   size_t MaxHeapSize                              = 4118806528                                {product} {ergonomic}
   size_t MinHeapDeltaBytes                        = 1048576                                   {product} {ergonomic}
    uintx NonNMethodCodeHeapSize                   = 5836300                                {pd product} {ergonomic}
    uintx NonProfiledCodeHeapSize                  = 122910970                              {pd product} {ergonomic}
    uintx ProfiledCodeHeapSize                     = 122910970                              {pd product} {ergonomic}
    uintx ReservedCodeCacheSize                    = 251658240                              {pd product} {ergonomic}
     bool SegmentedCodeCache                       = true                                      {product} {ergonomic}
     bool UseCompressedClassPointers               = true                                 {lp64_product} {ergonomic}
     bool UseCompressedOops                        = true                                 {lp64_product} {ergonomic}
     bool UseG1GC                                  = true                                      {product} {ergonomic}
     bool UseLargePagesIndividualAllocation        = false                                  {pd product} {ergonomic}

Logging:
Log output configuration:
 #0: stdout all=warning uptime,level,tags
 #1: stderr all=off uptime,level,tags

Environment Variables:
PATH=D:\SofeWare\Git\mingw64\libexec\git-core;D:\SofeWare\Git\mingw64\libexec\git-core;D:\SofeWare\Git\mingw64\bin;D:\SofeWare\Git\usr\bin;C:\Users\KingHong\bin;C:\Program Files\NVIDIA GPU Computing Toolkit\CUDA\v11.6\bin;C:\Program Files\NVIDIA GPU Computing Toolkit\CUDA\v11.6\libnvvp;C:\Program Files\Microsoft MPI\Bin;C:\Users\KingHong\AppData\Local\Programs\Python\Python310\Scripts;C:\Users\KingHong\AppData\Local\Programs\Python\Python310;C:\Program Files\PlasticSCM5\server;C:\Program Files\PlasticSCM5\client;C:\ProgramData\Oracle\Java\javapath;D:\SofeWare\MYSQL Server 8.0\bin;C:\Windows\system32;C:\Windows;C:\Windows\System32\Wbem;C:\Windows\System32\WindowsPowerShell\v1.0;C:\Windows\System32\OpenSSH;D:\SofeWare\Git\cmd;D:\ToolsTemp\Maven\apache-maven-3.8.4\bin;D:\SofeWare\anaconda;D:\SofeWare\anaconda\Scripts;D:\SofeWare\gcc\mingw64\bin;C:\ProgramData\chocolatey\bin;C:\sqlite;D:\SofeWare\微信web开发者工具\dll;C:\Program Files\NVIDIA Corporation\Nsight Compute 2022.1.1;C:\Program Files (x86)\NVIDIA Corporation\PhysX\Common;C:\Users\KingHong\AppData\Roaming\nvm;C:\Users\KingHong\AppData\Roaming\nvm\nodejs;C:\Users\KingHong\AppData\Local\Microsoft\WindowsApps;D:\SofeWare\IntelliJ IDEA 2021.2.3\bin;D:\SofeWare\PyCharm Community Edition 2021.2.3\bin;D:\SofeWare\anaconda;D:\SofeWare\anaconda\Library\bin;D:\SofeWare\anaconda\Scripts;D:\SofeWare\anaconda\condabin;D:\SofeWare\Microsoft VS Code\bin;C:\Users\KingHong\AppData\Roaming\nvm;C:\Users\KingHong\AppData\Roaming\nvm\nodejs
USERNAME=KingHong
DISPLAY=:0.0
LC_ALL=en_US.UTF-8
OS=Windows_NT
PROCESSOR_IDENTIFIER=AMD64 Family 23 Model 104 Stepping 1, AuthenticAMD



---------------  S Y S T E M  ---------------

OS: Windows 10 , 64 bit Build 19041 (10.0.19041.1706)
OS uptime: 0 days 22:09 hours

CPU:total 12 (initial active 12) (12 cores per cpu, 2 threads per core) family 23 model 104 stepping 1 microcode 0x0, cmov, cx8, fxsr, mmx, sse, sse2, sse3, ssse3, sse4.1, sse4.2, popcnt, avx, avx2, aes, clmul, mmxext, 3dnowpref, lzcnt, sse4a, ht, tsc, tscinvbit, tscinv, bmi1, bmi2, adx, sha, fma

Memory: 4k page, system-wide physical 15706M (8315M free)
TotalPageFile size 31066M (AvailPageFile size 148M)
current process WorkingSet (physical memory assigned to process): 10M, peak: 10M
current process commit charge ("private bytes"): 64M, peak: 310M

vm_info: OpenJDK 64-Bit Server VM (11.0.12+7-b1504.40) for windows-amd64 JRE (11.0.12+7-b1504.40), built on Sep 23 2021 14:38:03 by "" with MS VC++ 14.0 (VS2015)

END.
